<?xml version="1.0" encoding="UTF-8"?>
<TestRun id="5d60b769-4ea1-4e2a-8435-494850b2109f" name="Ryan@RYAN-LAPTOP 2012-05-13 01:23:04" runUser="Ryan-Laptop\Ryan" xmlns="http://microsoft.com/schemas/VisualStudio/TeamTest/2010">
  <TestSettings name="Local" id="a64761e9-48bf-4167-937f-13bc7552b873">
    <Description>These are default test settings for a local test run.</Description>
    <Deployment enabled="false" runDeploymentRoot="Ryan_RYAN-LAPTOP 2012-05-13 01_23_04">
      <DeploymentItem filename="C:\Users\Ryan\Dropbox\Projects\LogViewer\LogViewer\LogViewer\bin\Debug\LogViewer.exe" />
    </Deployment>
    <Execution>
      <TestTypeSpecific />
      <AgentRule name="Execution Agents">
      </AgentRule>
    </Execution>
  </TestSettings>
  <Times creation="2012-05-13T01:23:04.5617678-05:00" queuing="2012-05-13T01:23:06.8614120-05:00" start="2012-05-13T01:23:07.0642124-05:00" finish="2012-05-13T01:23:55.2526970-05:00" />
  <ResultSummary outcome="Error">
    <Counters total="1" executed="1" error="0" failed="0" timeout="0" aborted="1" inconclusive="0" passedButRunAborted="0" notRunnable="0" notExecuted="0" disconnected="0" warning="0" passed="0" completed="0" inProgress="0" pending="0" />
    <RunInfos>
      <RunInfo computerName="RYAN-LAPTOP" outcome="Error" timestamp="2012-05-13T01:23:55.2526970-05:00">
        <Text>Test host process exited unexpectedly.</Text>
      </RunInfo>
    </RunInfos>
  </ResultSummary>
  <TestDefinitions>
    <UnitTest name="parseEventTest" storage="c:\users\ryan\dropbox\projects\logviewer\logviewer\logviewertest\bin\debug\logviewertest.dll" id="0013f3e0-7833-e7a0-1ce8-87d6eb9c7a91">
      <Execution id="00ffeef1-30d2-4b6c-82bb-ecce4cb7948e" />
      <TestMethod codeBase="C:/Users/Ryan/Dropbox/Projects/LogViewer/LogViewer/LogViewerTest/bin/Debug/LogViewerTest.DLL" adapterTypeName="Microsoft.VisualStudio.TestTools.TestTypes.Unit.UnitTestAdapter, Microsoft.VisualStudio.QualityTools.Tips.UnitTest.Adapter, Version=10.0.0.0, Culture=neutral, PublicKeyToken=b03f5f7f11d50a3a" className="LogViewerTest.LogParserTest, LogViewerTest, Version=1.0.0.0, Culture=neutral, PublicKeyToken=null" name="parseEventTest" />
    </UnitTest>
  </TestDefinitions>
  <TestLists>
    <TestList name="Results Not in a List" id="8c84fa94-04c1-424b-9868-57a2d4851a1d" />
    <TestList name="All Loaded Results" id="19431567-8539-422a-85d7-44ee4e166bda" />
  </TestLists>
  <TestEntries>
    <TestEntry testId="0013f3e0-7833-e7a0-1ce8-87d6eb9c7a91" executionId="00ffeef1-30d2-4b6c-82bb-ecce4cb7948e" testListId="8c84fa94-04c1-424b-9868-57a2d4851a1d" />
  </TestEntries>
  <Results>
    <UnitTestResult executionId="00ffeef1-30d2-4b6c-82bb-ecce4cb7948e" testId="0013f3e0-7833-e7a0-1ce8-87d6eb9c7a91" testName="parseEventTest" computerName="RYAN-LAPTOP" duration="00:00:48.0480844" startTime="2012-05-13T01:23:07.2046126-05:00" endTime="2012-05-13T01:23:55.2526970-05:00" testType="13cdc9d9-ddb5-4fa4-a97d-d965ccfc6d4b" outcome="Aborted" testListId="8c84fa94-04c1-424b-9868-57a2d4851a1d" relativeResultsDirectory="00ffeef1-30d2-4b6c-82bb-ecce4cb7948e">
    </UnitTestResult>
  </Results>
</TestRun>